<?xml version="1.0" encoding="UTF-8"?>
<!-- Generated by org.testng.reporters.JUnitReportReporter -->
<testsuite hostname="MT-CND60460B9" failures="0" tests="3" name="com.amazon.qa.testcases.LoginPageTest" time="30.238" errors="0" timestamp="2022-06-30T14:30:54 IST" skipped="0">
  <testcase classname="com.amazon.qa.testcases.LoginPageTest" name="loginPageTitleTest" time="8.070"/>
  <system-out/>
  <testcase classname="com.amazon.qa.testcases.LoginPageTest" name="validateAmazonImage" time="10.149"/>
  <system-out/>
  <testcase classname="com.amazon.qa.testcases.LoginPageTest" name="LoginTest" time="12.019"/>
  <system-out/>
</testsuite> <!-- com.amazon.qa.testcases.LoginPageTest -->
